Started by user [8mha:////4EbG2mxeu6RMfGs4UnoxZ5XCP92oTMjrltgbCOjLkG4kAAAAoB+LCAAAAAAAAP9b85aBtbiIQTGjNKU4P08vOT+vOD8nVc83PyU1x6OyILUoJzMv2y+/JJUBAhiZGBgqihhk0NSjKDWzXb3RdlLBUSYGJk8GtpzUvPSSDB8G5tKinBIGIZ+sxLJE/ZzEvHT94JKizLx0a6BxUmjGOUNodHsLgAz+EgYR/dLi1CL9lMzczJLEopKigvzi7EwAOKV70MkAAAA=[0mDimitar Trposki
[Fri Apr 04 18:14:00 UTC 2025] Starting branch indexing...
[8mha:////4Izz9aNzw8RG7wzhIa0ykuG6U/HfnFJzoCgUKbfbD4sNAAAAhB+LCAAAAAAAAP9b85aBtbiIwSa/KF0vKzUvOzOvODlTryCnNB3I0kvPLMkoTYpPKkrMS86IL84vLUpO1XPPLPEoTXLOzyvOz0n1yy9JZYAARiYGRi8GzpLM3NTiksTcgooiBqmM0pTi/Dy9ZIhiPayaGCoKgPQ0JqampQB0QOl5jgAAAA==[0mConnecting to https://api.github.com using dimitar-trposki/****** (GitHub credentials for dimitar-trposki)
Examining [8mha:////4LRc5rVhQ+ue5mkn57D0YwjHffzojV1zrO1TCaB/CiBuAAAAvR+LCAAAAAAAAP9dzEEOAUEQBdAywgEsxRVGLyQWxIoIidg4QTOdnqKnulNdPRnXcA02DuE47mDEzt/8v/nv8YZeZBiVqYiexidP0Tsz3lyDYYd02Xsx08X9ubiFVwbZFvrOkJVyB93ETmCwO+taK6fJqoMwkp03DMM/bvnrLwa/dDKAJrRjIrAuRUKcKWVRynRsX5UqsELRnAsHHy+oWkGQkk8x35IYy1rQU66pyFfGYW34+gGORWs4ywAAAA==[0mdimitar-trposki/Continuous-Integration-and-Delivery

  Checking branches...

  Getting remote branches...

    Checking branch [8mha:////4HGDNs3AA8DfnV6BqhjfQYpFvZRPJTZDOiHcpE+RWdThAAAAxR+LCAAAAAAAAP9dzDGOwjAQBdAhCA5AibhCcLcFiAoKkCIK9gRmM3IGnLE1HkdwDa7BNnuIPQ53IIiO3/zf/Pf7gFESmDW5ToHnP4FT8DjfXiOKJz7vg+LX6v63usX/AoodjD2y06aCYRavMKlOtrPGW3bmW4XYLS8C0w9u/e4XBu8MCoBL7MdY4dCoxrQwxpE2+di/WlNTS2qlVIkhncn0ghLnkFO5Y0UnVilwabkuN+ipQ7kaFUTT2qQoT/W4FdDXAAAA[0mmaster
      ‘Jenkinsfile’ found
    Met criteria
Scheduled build for branch: master

    Checking branch [8mha:////4EOeggMHHZPLsFYgiLgeQwZ5Y7glm5d1yg43/fgOqy+kAAAAxx+LCAAAAAAAAP9dzDFuwkAQBdDBEUlPGXEFe7sUQVRJAZJF4xMs8Wg9sMyuZmctfA2uAQ2H4DjcASO6/Ob/5r/LHaZJYN7lNgWu/gKn4LFaDRHFE+83QfFreb4uT/FWQLGGd4/stKvhLYtXmNU721vjLTvTqBC7xVHg8x/38+onBq9MCoBjHMeHQtOpxvRtjCPt8nZ8HUxLB1IrpUoMaU9mFJQ4h5zKNSs6sUqBS8tt+YueepTBqCCaFnv0IT4A/f4PZtgAAAA=[0mdevelop
      ‘Jenkinsfile’ not found
    Does not meet criteria

    Checking branch [8mha:////4IY2hhZMFSNy2mkcJT8yx5SPAEvD3CPHw2bGOl9FW8BdAAAAyR+LCAAAAAAAAP9djDFuAjEQRYdFUFBSolxhcUcB2gqKrIRokNIbduQdMGNrPF7BNbgGaXKIHCd3yCI6fvO/9PTf9x+MksBHm5sUeH4MnILH+ectonji8y4oLqrHT3WPvwUUNYw9stN2C8MsXmG6PdnOGm/Zmb0KsVtdBWZvuvWrnzJ4ZVAAXGM/JgpfrWpMS2McaZsP/etiGrqQWilVYkhnMr1BiXPIqaxZ0YlVClxabsoNeupQbkYF0UQJTT4+4T/MpgbB2wAAAA==[0mproduction
      ‘Jenkinsfile’ not found
    Does not meet criteria

    Checking branch [8mha:////4IKu4bTyItUoN5+EKr2hYf38IKxDtJuk/9VWlTuxsR+GAAAAxR+LCAAAAAAAAP9dzDFuAjEQBdDJBjhAyihXWNxRgKigCBJCkTiBYUf2ZL1jazxGcI1cIzQcguNwBxbR8Zv/m//ONxhmgS9fmhx5vI+cY8Dx9ymhBOJ2ExUn8//L/C9dK6hWMArITv0a3osEhY/1rz1YEyw7s1UhdrOjwOcLt3j2A4Nn3iqAY+rHQOHHq6Y8NcaR+rLrX51pqCO1UqukmFsyvaDEJZZcr1jRiVWKXFtu6iUGOqCcjAqiUcx6B3ke3uTVAAAA[0mtest
      ‘Jenkinsfile’ not found
    Does not meet criteria

  4 branches were processed

  Checking pull-requests...

  Getting remote pull requests...

  0 pull requests were processed

Finished examining dimitar-trposki/Continuous-Integration-and-Delivery

[Fri Apr 04 18:14:03 UTC 2025] Finished branch indexing. Indexing took 3.7 sec
Finished: SUCCESS
